[ADDIN] Event received: 9
[ADDIN] Event received: 7
[ADDIN] Event received: 7
[ADDIN] Event received: 5
[ADDIN] Event received: 10
[ADDIN] Event received: 10
[ADDIN] Event received: 5
[ADDIN] Event received: 7
[ADDIN] Event received: 10
[ADDIN] Event received: 5
[ADDIN] Event received: 7
[ADDIN] Event received: 10
[ADDIN] Event received: 5
[ADDIN] Event received: 10
[ADDIN] Event received: 7
[ADDIN] Event received: 10
[ADDIN] Event received: 7
[ADDIN] Event received: 10
[ADDIN] Event received: 10
[ADDIN] Event received: 10
[ADDIN] Event received: 10
[ADDIN] Event received: 10
[ADDIN] Event received: 10
[ADDIN] Event received: 10
[ADDIN] Event received: 10
[ADDIN] Event received: 8
[ADDIN] Event received: 9
[ADDIN] AIE_DOC_SAVE
[ADDIN] Window title:
WIN_MAIN.H (UTF-8)
[ADDIN] Active document path:
WIN_MAIN.H (UTF-8)
[ENGINE] ScanFile invoked
[ADDIN] ScanFile completed
[ADDIN] AIE_DOC_SAVE
[ADDIN] Window title:
WIN_MAIN.C (UTF-8)
[ADDIN] Active document path:
WIN_MAIN.C (UTF-8)
[ENGINE] ScanFile invoked
[ADDIN] ScanFile completed
[ADDIN] AIE_DOC_SAVE
[ADDIN] Window title:
MSGBOX.C (UTF-8)
[ADDIN] Active document path:
MSGBOX.C (UTF-8)
[ENGINE] ScanFile invoked
[ADDIN] ScanFile completed
[ADDIN] AIE_DOC_SAVE
[ADDIN] Window title:
MSGBOX.H (UTF-8)
[ADDIN] Active document path:
MSGBOX.H (UTF-8)
[ENGINE] ScanFile invoked
[ADDIN] ScanFile completed
[ADDIN] AIE_DOC_SAVE
[ADDIN] Window title:
REG_MSGBOX.C (UTF-8)
[ADDIN] Active document path:
REG_MSGBOX.C (UTF-8)
[ENGINE] ScanFile invoked
[ADDIN] ScanFile completed
[ADDIN] AIE_DOC_SAVE
[ADDIN] Window title:
REG_MSGBOX.h (UTF-8)
[ADDIN] Active document path:
REG_MSGBOX.h (UTF-8)
[ENGINE] ScanFile invoked
[ADDIN] ScanFile completed
[ADDIN] Event received: 5
[ADDIN] Event received: 5
[ADDIN] Event received: 7
[ADDIN] Event received: 10
[ADDIN] Event received: 10
[ADDIN] Event received: 10
[ADDIN] Event received: 8
[ADDIN] Event received: 9
[ADDIN] Event received: 5
[ADDIN] Event received: 5
[ADDIN] Event received: 7
[ADDIN] Event received: 10
[ADDIN] Event received: 8
[ADDIN] Event received: 9
[ADDIN] Event received: 7
[ADDIN] Event received: 10
[ADDIN] Event received: 8
[ADDIN] Event received: 9
[ADDIN] Event received: 5
[ADDIN] Event received: 5
[ADDIN] Event received: 5
[ADDIN] Event received: 5
[ADDIN] Event received: 10
[ADDIN] Event received: 10
[ADDIN] Event received: 7
[ADDIN] Event received: 10
[ADDIN] Event received: 7
[ADDIN] Event received: 10
[ADDIN] Event received: 10
[ADDIN] Event received: 10
[ADDIN] Event received: 10
[ADDIN] Event received: 10
[ADDIN] Event received: 8
[ADDIN] Event received: 9
[ADDIN] Event received: 10
[ADDIN] Event received: 7
[ADDIN] Event received: 10
[ADDIN] Event received: 8
[ADDIN] Event received: 9
[ADDIN] Event received: 5
[ADDIN] Event received: 5
[ADDIN] Event received: 10
[ADDIN] Event received: 7
[ADDIN] Event received: 10
[ADDIN] Event received: 7
[ADDIN] Event received: 10
[ADDIN] Event received: 7
[ADDIN] Event received: 10
[ADDIN] Event received: 5
[ADDIN] Event received: 7
[ADDIN] Event received: 10
[ADDIN] Event received: 5
[ADDIN] Event received: 7
[ADDIN] Event received: 10
[ADDIN] Event received: 5
[ADDIN] Event received: 7
[ADDIN] Event received: 10
[ADDIN] Event received: 10
[ADDIN] Event received: 10
[ADDIN] Event received: 10
[ADDIN] Event received: 7
[ADDIN] Event received: 10
[ADDIN] Event received: 10
[ADDIN] Event received: 10
[ADDIN] Event received: 10
[ADDIN] Event received: 10
[ADDIN] Event received: 10
[ADDIN] Event received: 10
[ADDIN] Event received: 10
[ADDIN] Event received: 10
[ADDIN] Event received: 10
[ADDIN] Event received: 8
[ADDIN] Event received: 9
[ADDIN] Event received: 5
[ADDIN] Event received: 5
[ADDIN] Event received: 7
[ADDIN] Event received: 10
[ADDIN] Event received: 10
[ADDIN] Event received: 8
[ADDIN] Event received: 9
[ADDIN] Event received: 7
[ADDIN] Event received: 7
[ADDIN] Event received: 7
[ADDIN] Event received: 7
[ADDIN] Event received: 7
[ADDIN] Event received: 7
[ADDIN] Event received: 7
[ADDIN] Event received: 7
[ADDIN] Event received: 8
[ADDIN] Event received: 9
[ADDIN] Event received: 5
[ADDIN] Event received: 7
[ADDIN] Event received: 10
[ADDIN] Event received: 7
[ADDIN] Event received: 10
[ADDIN] Event received: 8
[ADDIN] Event received: 9
[ADDIN] Event received: 7
[ADDIN] Event received: 8
[ADDIN] Event received: 9
[ADDIN] Event received: 10
[ADDIN] Event received: 8
[ADDIN] Event received: 9
[ADDIN] Event received: 8
[ADDIN] Event received: 9
[ADDIN] Event received: 10
[ADDIN] Event received: 8
[ADDIN] Event received: 9
[ADDIN] Event received: 5
[ADDIN] Event received: 7
[ADDIN] Event received: 10
[ADDIN] Event received: 10
[ADDIN] Event received: 8
[ADDIN] Event received: 9
[ADDIN] Event received: 7
[ADDIN] Event received: 7
[ADDIN] Event received: 10
[ADDIN] Event received: 8
[ADDIN] Event received: 9
[ADDIN] Event received: 7
[ADDIN] Event received: 10
[ADDIN] Event received: 8
[ADDIN] Event received: 9
[ADDIN] Event received: 5
[ADDIN] Event received: 7
[ADDIN] Event received: 10
[ADDIN] Event received: 10
[ADDIN] Event received: 7
[ADDIN] Event received: 10
[ADDIN] Event received: 8
[ADDIN] Event received: 9
[ADDIN] Event received: 5
[ADDIN] Event received: 5
[ADDIN] AIE_DOC_SAVE
[ADDIN] Window title:
README.TXT
[ADDIN] Active document path:
README.TXT
[ENGINE] ScanFile invoked
[ADDIN] ScanFile completed
[ADDIN] AIE_DOC_SAVE
[ADDIN] Window title:
AVIS_LOG.txt
[ADDIN] Active document path:
AVIS_LOG.txt
[ENGINE] ScanFile invoked
[ADDIN] ScanFile completed
[ADDIN] AIE_DOC_SAVE
[ADDIN] Window title:
WIN_MAIN.C (UTF-8)
[ADDIN] Active document path:
WIN_MAIN.C (UTF-8)
[ENGINE] ScanFile invoked
[ADDIN] ScanFile completed
[ADDIN] AIE_DOC_SAVE
[ADDIN] Window title:
RETURN.H (UTF-8)
[ADDIN] Active document path:
RETURN.H (UTF-8)
[ENGINE] ScanFile invoked
[ADDIN] ScanFile completed
[ADDIN] AIE_DOC_SAVE
[ADDIN] Window title:
RETURN.C (UTF-8)
[ADDIN] Active document path:
RETURN.C (UTF-8)
[ENGINE] ScanFile invoked
[ADDIN] ScanFile completed
[ADDIN] AIE_DOC_SAVE
[ADDIN] Window title:
REG_MSGBOX_EXE.C (UTF-8)
[ADDIN] Active document path:
REG_MSGBOX_EXE.C (UTF-8)
[ENGINE] ScanFile invoked
[ADDIN] ScanFile completed
[ADDIN] AIE_DOC_SAVE
[ADDIN] Window title:
REG_MSGBOX.C (UTF-8)
[ADDIN] Active document path:
REG_MSGBOX.C (UTF-8)
[ENGINE] ScanFile invoked
[ADDIN] ScanFile completed
[ADDIN] AIE_DOC_SAVE
[ADDIN] Window title:
BEGIN_EXE.C (UTF-8)
[ADDIN] Active document path:
BEGIN_EXE.C (UTF-8)
[ENGINE] ScanFile invoked
[ADDIN] ScanFile completed
[ADDIN] AIE_DOC_SAVE
[ADDIN] Window title:
BEGIN.C (UTF-8)
[ADDIN] Active document path:
BEGIN.C (UTF-8)
[ENGINE] ScanFile invoked
[ADDIN] ScanFile completed
[ADDIN] AIE_DOC_SAVE
[ADDIN] Window title:
END.c (UTF-8)
[ADDIN] Active document path:
END.c (UTF-8)
[ENGINE] ScanFile invoked
[ADDIN] ScanFile completed
[ADDIN] AIE_DOC_SAVE
[ADDIN] Window title:
ERR.C (UTF-8)
[ADDIN] Active document path:
ERR.C (UTF-8)
[ENGINE] ScanFile invoked
[ADDIN] ScanFile completed
[ADDIN] AIE_DOC_SAVE
[ADDIN] Window title:
BEGIN.H (UTF-8)
[ADDIN] Active document path:
BEGIN.H (UTF-8)
[ENGINE] ScanFile invoked
[ADDIN] ScanFile completed
[ADDIN] AIE_DOC_SAVE
[ADDIN] Window title:
DISPATCH.c (UTF-8)
[ADDIN] Active document path:
DISPATCH.c (UTF-8)
[ENGINE] ScanFile invoked
[ADDIN] ScanFile completed
[ADDIN] AIE_DOC_SAVE
[ADDIN] Window title:
ERR.H (UTF-8)
[ADDIN] Active document path:
ERR.H (UTF-8)
[ENGINE] ScanFile invoked
[ADDIN] ScanFile completed
[ADDIN] AIE_DOC_SAVE
[ADDIN] Window title:
KB.c (UTF-8)
[ADDIN] Active document path:
KB.c (UTF-8)
[ENGINE] ScanFile invoked
[ADDIN] ScanFile completed
[ADDIN] AIE_DOC_SAVE
[ADDIN] Window title:
WIN_MAIN.H (UTF-8)
[ADDIN] Active document path:
WIN_MAIN.H (UTF-8)
[ENGINE] ScanFile invoked
[ADDIN] ScanFile completed
[ADDIN] AIE_DOC_SAVE
[ADDIN] Window title:
MSGBOX.C (UTF-8)
[ADDIN] Active document path:
MSGBOX.C (UTF-8)
[ENGINE] ScanFile invoked
[ADDIN] ScanFile completed
[ADDIN] AIE_DOC_SAVE
[ADDIN] Window title:
MSGBOX.H (UTF-8)
[ADDIN] Active document path:
MSGBOX.H (UTF-8)
[ENGINE] ScanFile invoked
[ADDIN] ScanFile completed
[ADDIN] AIE_DOC_SAVE
[ADDIN] Window title:
REG_MSGBOX.H (UTF-8)
[ADDIN] Active document path:
REG_MSGBOX.H (UTF-8)
[ENGINE] ScanFile invoked
[ADDIN] ScanFile completed
[ADDIN] AIE_DOC_SAVE
[ADDIN] Window title:
RETURN_EXE.C (UTF-8)
[ADDIN] Active document path:
RETURN_EXE.C (UTF-8)
[ENGINE] ScanFile invoked
[ADDIN] ScanFile completed
[ADDIN] Event received: 5
[ADDIN] AIE_DOC_SAVE
[ADDIN] Window title:
page_001.txt (UTF-8 (no BOM))
[ADDIN] Active document path:
page_001.txt (UTF-8 (no BOM))
[ENGINE] ScanFile invoked
[ADDIN] ScanFile completed
[ADDIN] Event received: 8
[ADDIN] Event received: 9
[ADDIN] Event received: 5
[ADDIN] Event received: 7
[ADDIN] Event received: 8
[ADDIN] Event received: 9
[ADDIN] Event received: 7
[ADDIN] Event received: 7
[ADDIN] Event received: 8
[ADDIN] Event received: 9
[ADDIN] Event received: 7
[ADDIN] Event received: 8
[ADDIN] Event received: 9
[ADDIN] Event received: 5
[ADDIN] Event received: 5
[ADDIN] Event received: 5
[ADDIN] Event received: 5
[ADDIN] Event received: 5
[ADDIN] Event received: 5
[ADDIN] Event received: 5
[ADDIN] Event received: 5
[ADDIN] Event received: 5
[ADDIN] Event received: 5
[ADDIN] Event received: 5
[ADDIN] Event received: 5
[ADDIN] Event received: 5
[ADDIN] Event received: 5
[ADDIN] Event received: 5
[ADDIN] Event received: 7
[ADDIN] Event received: 10
[ADDIN] Event received: 8
[ADDIN] Event received: 9
[ADDIN] Event received: 10
[ADDIN] Event received: 10
[ADDIN] AIE_DOC_SAVE
[ADDIN] Window title:
BEGIN.H (UTF-8)
[ADDIN] Active document path:
BEGIN.H (UTF-8)
[ENGINE] ScanFile invoked
[ADDIN] ScanFile completed
[ADDIN] AIE_DOC_SAVE
[ADDIN] Window title:
WIN_MAIN.C (UTF-8)
[ADDIN] Active document path:
WIN_MAIN.C (UTF-8)
[ENGINE] ScanFile invoked
[ADDIN] ScanFile completed
[ADDIN] AIE_DOC_SAVE
[ADDIN] Window title:
REG_MSGBOX.H (UTF-8)
[ADDIN] Active document path:
REG_MSGBOX.H (UTF-8)
[ENGINE] ScanFile invoked
[ADDIN] ScanFile completed
[ADDIN] AIE_DOC_SAVE
[ADDIN] Window title:
MSGBOX.H (UTF-8)
[ADDIN] Active document path:
MSGBOX.H (UTF-8)
[ENGINE] ScanFile invoked
[ADDIN] ScanFile completed
[ADDIN] AIE_DOC_SAVE
[ADDIN] Window title:
REG_MSGBOX_EXE.C (UTF-8)
[ADDIN] Active document path:
REG_MSGBOX_EXE.C (UTF-8)
[ENGINE] ScanFile invoked
[ADDIN] ScanFile completed
[ADDIN] AIE_DOC_SAVE
[ADDIN] Window title:
MSGBOX.C (UTF-8)
[ADDIN] Active document path:
MSGBOX.C (UTF-8)
[ENGINE] ScanFile invoked
[ADDIN] ScanFile completed
[ADDIN] AIE_DOC_SAVE
[ADDIN] Window title:
RETURN_EXE.C (UTF-8)
[ADDIN] Active document path:
RETURN_EXE.C (UTF-8)
[ENGINE] ScanFile invoked
[ADDIN] ScanFile completed
[ADDIN] AIE_DOC_SAVE
[ADDIN] Window title:
WIN_MAIN.H (UTF-8)
[ADDIN] Active document path:
WIN_MAIN.H (UTF-8)
[ENGINE] ScanFile invoked
[ADDIN] ScanFile completed
[ADDIN] AIE_DOC_SAVE
[ADDIN] Window title:
BEGIN.C (UTF-8)
[ADDIN] Active document path:
BEGIN.C (UTF-8)
[ENGINE] ScanFile invoked
[ADDIN] ScanFile completed
[ADDIN] AIE_DOC_SAVE
[ADDIN] Window title:
BEGIN_EXE.C (UTF-8)
[ADDIN] Active document path:
BEGIN_EXE.C (UTF-8)
[ENGINE] ScanFile invoked
[ADDIN] ScanFile completed
[ADDIN] AIE_DOC_SAVE
[ADDIN] Window title:
DISPATCH.c (UTF-8)
[ADDIN] Active document path:
DISPATCH.c (UTF-8)
[ENGINE] ScanFile invoked
[ADDIN] ScanFile completed
[ADDIN] AIE_DOC_SAVE
[ADDIN] Window title:
END.c (UTF-8)
[ADDIN] Active document path:
END.c (UTF-8)
[ENGINE] ScanFile invoked
[ADDIN] ScanFile completed
[ADDIN] AIE_DOC_SAVE
[ADDIN] Window title:
KB.c (UTF-8)
[ADDIN] Active document path:
KB.c (UTF-8)
[ENGINE] ScanFile invoked
[ADDIN] ScanFile completed
[ADDIN] AIE_DOC_SAVE
[ADDIN] Window title:
RETURN.H (UTF-8)
[ADDIN] Active document path:
RETURN.H (UTF-8)
[ENGINE] ScanFile invoked
[ADDIN] ScanFile completed
[ADDIN] AIE_DOC_SAVE
[ADDIN] Window title:
untitled (UTF-8)
[ADDIN] Active document path:
untitled (UTF-8)
[ENGINE] ScanFile invoked
[ADDIN] ScanFile completed
[ADDIN] AIE_DOC_SAVE
[ADDIN] Window title:
untitled (UTF-8)
[ADDIN] Active document path:
untitled (UTF-8)
[ENGINE] ScanFile invoked
[ADDIN] ScanFile completed
[ADDIN] Event received: 5
[ADDIN] Event received: 5
[ADDIN] Event received: 5
[ADDIN] Event received: 5
[ADDIN] Event received: 5
[ADDIN] Event received: 5
[ADDIN] Event received: 5
[ADDIN] Event received: 8
[ADDIN] Event received: 9
[ADDIN] Event received: 5
[ADDIN] Event received: 5
[ADDIN] Event received: 5
[ADDIN] Event received: 5
[ADDIN] Event received: 5
[ADDIN] Event received: 10
[ADDIN] Event received: 8
[ADDIN] Event received: 9
[ADDIN] Event received: 5
[ADDIN] Event received: 5
[ADDIN] Event received: 7
[ADDIN] Event received: 5
[ADDIN] Event received: 10
[ADDIN] Event received: 10
[ADDIN] Event received: 8
[ADDIN] Event received: 9
[ADDIN] Event received: 10
[ADDIN] Event received: 8
[ADDIN] Event received: 9
[ADDIN] Event received: 10
[ADDIN] Event received: 8
[ADDIN] Event received: 9
[ADDIN] Event received: 5
[ADDIN] Event received: 10
[ADDIN] Event received: 10
[ADDIN] Event received: 10
[ADDIN] Event received: 8
[ADDIN] Event received: 9
[ADDIN] Event received: 10
[ADDIN] Event received: 8
[ADDIN] Event received: 9
[ADDIN] Event received: 10
[ADDIN] Event received: 8
[ADDIN] Event received: 9
[ADDIN] Event received: 10
[ADDIN] Event received: 8
[ADDIN] Event received: 9
[ADDIN] Event received: 10
[ADDIN] Event received: 10
[ADDIN] Event received: 10
[ADDIN] Event received: 8
[ADDIN] Event received: 9
[ADDIN] Event received: 10
[ADDIN] Event received: 8
[ADDIN] Event received: 9
[ADDIN] Event received: 7
[ADDIN] Event received: 10
[ADDIN] Event received: 8
[ADDIN] Event received: 9
[ADDIN] Event received: 7
[ADDIN] Event received: 10
[ADDIN] Event received: 8
[ADDIN] Event received: 9
[ADDIN] Event received: 10
[ADDIN] Event received: 8
[ADDIN] Event received: 9
[ADDIN] Event received: 10
[ADDIN] Event received: 8
[ADDIN] Event received: 9
[ADDIN] Event received: 8
[ADDIN] Event received: 9
[ADDIN] Event received: 8
[ADDIN] Event received: 9
[ADDIN] Event received: 7
[ADDIN] Event received: 10
[ADDIN] Event received: 8
[ADDIN] Event received: 9
[ADDIN] Event received: 10
[ADDIN] Event received: 10
[ADDIN] Event received: 10
[ADDIN] Event received: 8
[ADDIN] Event received: 9
[ADDIN] Event received: 8
[ADDIN] Event received: 9
[ADDIN] Event received: 10
[ADDIN] Event received: 8
[ADDIN] Event received: 9
[ADDIN] Event received: 10
[ADDIN] Event received: 10
[ADDIN] Event received: 8
[ADDIN] Event received: 9
[ADDIN] Event received: 10
[ADDIN] Event received: 8
[ADDIN] Event received: 9
[ADDIN] Event received: 7
[ADDIN] Event received: 10
[ADDIN] Event received: 10
[ADDIN] Event received: 10
[ADDIN] Event received: 10
[ADDIN] Event received: 10
[ADDIN] Event received: 10
[ADDIN] Event received: 10
[ADDIN] Event received: 10
[ADDIN] Event received: 10
[ADDIN] Event received: 10
[ADDIN] Event received: 10
[ADDIN] Event received: 10
[ADDIN] AIE_DOC_SAVE
[ADDIN] Window title:
MSGBOX.C (UTF-8)
[ADDIN] Active document path:
MSGBOX.C (UTF-8)
[ENGINE] ScanFile invoked
[ADDIN] ScanFile completed
[ADDIN] AIE_DOC_SAVE
[ADDIN] Window title:
RETURN_EXE.C (UTF-8)
[ADDIN] Active document path:
RETURN_EXE.C (UTF-8)
[ENGINE] ScanFile invoked
[ADDIN] ScanFile completed
[ADDIN] AIE_DOC_SAVE
[ADDIN] Window title:
untitled * (UTF-8)
[ADDIN] Active document path:
untitled * (UTF-8)
[ENGINE] ScanFile invoked
[ADDIN] ScanFile completed
[ADDIN] AIE_DOC_SAVE
[ADDIN] Window title:
BEGIN_EXE.C (UTF-8)
[ADDIN] Active document path:
BEGIN_EXE.C (UTF-8)
[ENGINE] ScanFile invoked
[ADDIN] ScanFile completed
[ADDIN] AIE_DOC_SAVE
[ADDIN] Window title:
WIN_MAIN.C (UTF-8)
[ADDIN] Active document path:
WIN_MAIN.C (UTF-8)
[ENGINE] ScanFile invoked
[ADDIN] ScanFile completed
[ADDIN] AIE_DOC_SAVE
[ADDIN] Window title:
RETURN.c (UTF-8)
[ADDIN] Active document path:
RETURN.c (UTF-8)
[ENGINE] ScanFile invoked
[ADDIN] ScanFile completed
[ADDIN] AIE_DOC_SAVE
[ADDIN] Window title:
RETURN.H (UTF-8)
[ADDIN] Active document path:
RETURN.H (UTF-8)
[ENGINE] ScanFile invoked
[ADDIN] ScanFile completed
[ADDIN] AIE_DOC_SAVE
[ADDIN] Window title:
WIN_MAIN.H (UTF-8)
[ADDIN] Active document path:
WIN_MAIN.H (UTF-8)
[ENGINE] ScanFile invoked
[ADDIN] ScanFile completed
[ADDIN] AIE_DOC_SAVE
[ADDIN] Window title:
BEGIN.H (UTF-8)
[ADDIN] Active document path:
BEGIN.H (UTF-8)
[ENGINE] ScanFile invoked
[ADDIN] ScanFile completed
[ADDIN] AIE_DOC_SAVE
[ADDIN] Window title:
BEGIN.C (UTF-8)
[ADDIN] Active document path:
BEGIN.C (UTF-8)
[ENGINE] ScanFile invoked
[ADDIN] ScanFile completed
[ADDIN] AIE_DOC_SAVE
[ADDIN] Window title:
REG_MSGBOX.C (UTF-8)
[ADDIN] Active document path:
REG_MSGBOX.C (UTF-8)
[ENGINE] ScanFile invoked
[ADDIN] ScanFile completed
[ADDIN] AIE_DOC_SAVE
[ADDIN] Window title:
REG_MSGBOX_EXE.C (UTF-8)
[ADDIN] Active document path:
REG_MSGBOX_EXE.C (UTF-8)
[ENGINE] ScanFile invoked
[ADDIN] ScanFile completed
[ADDIN] AIE_DOC_SAVE
[ADDIN] Window title:
REG_MSGBOX.H (UTF-8)
[ADDIN] Active document path:
REG_MSGBOX.H (UTF-8)
[ENGINE] ScanFile invoked
[ADDIN] ScanFile completed
[ADDIN] AIE_DOC_SAVE
[ADDIN] Window title:
MSGBOX.H (UTF-8)
[ADDIN] Active document path:
MSGBOX.H (UTF-8)
[ENGINE] ScanFile invoked
[ADDIN] ScanFile completed
[ADDIN] AIE_DOC_SAVE
[ADDIN] Window title:
KB.c (UTF-8)
[ADDIN] Active document path:
KB.c (UTF-8)
[ENGINE] ScanFile invoked
[ADDIN] ScanFile completed
[ADDIN] AIE_DOC_SAVE
[ADDIN] Window title:
DISPATCH.c (UTF-8)
[ADDIN] Active document path:
DISPATCH.c (UTF-8)
[ENGINE] ScanFile invoked
[ADDIN] ScanFile completed
[ADDIN] Event received: 8
[ADDIN] Event received: 9
[ADDIN] Event received: 5
[ADDIN] Event received: 10
[ADDIN] Event received: 8
[ADDIN] Event received: 9
[ADDIN] Event received: 10
[ADDIN] Event received: 8
[ADDIN] Event received: 9
[ADDIN] Event received: 5
[ADDIN] Event received: 5
[ADDIN] Event received: 5
[ADDIN] Event received: 5
[ADDIN] Event received: 5
[ADDIN] Event received: 10
[ADDIN] Event received: 8
[ADDIN] Event received: 9
[ADDIN] Event received: 10
[ADDIN] Event received: 8
[ADDIN] Event received: 9
[ADDIN] Event received: 5
[ADDIN] Event received: 5
[ADDIN] Event received: 10
[ADDIN] Event received: 10
[ADDIN] Event received: 10
[ADDIN] Event received: 10
[ADDIN] Event received: 10
[ADDIN] Event received: 10
[ADDIN] Event received: 10
[ADDIN] Event received: 10
[ADDIN] Event received: 10
[ADDIN] Event received: 8
[ADDIN] Event received: 9
[ADDIN] Event received: 10
[ADDIN] Event received: 8
[ADDIN] Event received: 9
[ADDIN] Event received: 10
[ADDIN] Event received: 10
[ADDIN] Event received: 8
[ADDIN] Event received: 9
[ADDIN] Event received: 10
[ADDIN] Event received: 8
[ADDIN] Event received: 9
[ADDIN] Event received: 5
[ADDIN] Event received: 5
[ADDIN] Event received: 10
[ADDIN] Event received: 10
[ADDIN] Event received: 8
[ADDIN] Event received: 9
[ADDIN] Event received: 10
[ADDIN] Event received: 8
[ADDIN] Event received: 9
[ADDIN] Event received: 10
[ADDIN] Event received: 10
[ADDIN] Event received: 7
[ADDIN] Event received: 10
[ADDIN] Event received: 8
[ADDIN] Event received: 9
[ADDIN] Event received: 10
[ADDIN] Event received: 8
[ADDIN] Event received: 9
[ADDIN] Event received: 10
[ADDIN] Event received: 8
[ADDIN] Event received: 9
[ADDIN] Event received: 7
[ADDIN] Event received: 8
[ADDIN] Event received: 9
[ADDIN] Event received: 10
[ADDIN] Event received: 8
[ADDIN] Event received: 9
[ADDIN] Event received: 8
[ADDIN] Event received: 9
[ADDIN] Event received: 10
[ADDIN] Event received: 8
[ADDIN] Event received: 9
[ADDIN] Event received: 10
[ADDIN] Event received: 8
[ADDIN] Event received: 9
[ADDIN] Event received: 10
[ADDIN] Event received: 8
[ADDIN] Event received: 9
[ADDIN] Event received: 7
[ADDIN] Event received: 8
[ADDIN] Event received: 9
[ADDIN] Event received: 10
[ADDIN] Event received: 10
[ADDIN] Event received: 10
[ADDIN] Event received: 10
[ADDIN] Event received: 10
[ADDIN] Event received: 10
[ADDIN] Event received: 10
[ADDIN] Event received: 10
[ADDIN] Event received: 10
[ADDIN] Event received: 10
[ADDIN] Event received: 8
[ADDIN] Event received: 9
[ADDIN] Event received: 10
[ADDIN] Event received: 8
[ADDIN] Event received: 9
[ADDIN] Event received: 10
[ADDIN] Event received: 8
[ADDIN] Event received: 9
[ADDIN] Event received: 8
[ADDIN] Event received: 9
[ADDIN] Event received: 8
[ADDIN] Event received: 9
[ADDIN] Event received: 5
[ADDIN] Event received: 5
[ADDIN] Event received: 5
[ADDIN] Event received: 10
[ADDIN] Event received: 10
[ADDIN] Event received: 5
[ADDIN] Event received: 5
[ADDIN] Event received: 10
[ADDIN] Event received: 10
[ADDIN] Event received: 7
[ADDIN] Event received: 10
[ADDIN] Event received: 5
[ADDIN] Event received: 10
[ADDIN] Event received: 5
[ADDIN] Event received: 7
[ADDIN] Event received: 10
[ADDIN] Event received: 7
[ADDIN] Event received: 10
[ADDIN] Event received: 8
[ADDIN] Event received: 9
[ADDIN] Event received: 8
[ADDIN] Event received: 9
[ADDIN] Event received: 10
[ADDIN] Event received: 8
[ADDIN] Event received: 9
[ADDIN] Event received: 10
[ADDIN] Event received: 10
[ADDIN] Event received: 10
[ADDIN] Event received: 7
[ADDIN] Event received: 10
[ADDIN] Event received: 10
[ADDIN] Event received: 10
[ADDIN] Event received: 10
[ADDIN] Event received: 10
[ADDIN] Event received: 10
[ADDIN] Event received: 10
[ADDIN] Event received: 10
[ADDIN] Event received: 10
[ADDIN] Event received: 10
[ADDIN] Event received: 10
[ADDIN] Event received: 10
[ADDIN] Event received: 10
[ADDIN] Event received: 10
[ADDIN] Event received: 10
[ADDIN] Event received: 10
[ADDIN] Event received: 10
[ADDIN] Event received: 8
[ADDIN] Event received: 9
[ADDIN] Event received: 7
[ADDIN] Event received: 10
[ADDIN] Event received: 8
[ADDIN] Event received: 9
[ADDIN] Event received: 8
[ADDIN] Event received: 9
[ADDIN] Event received: 10
[ADDIN] Event received: 8
[ADDIN] Event received: 9
[ADDIN] Event received: 8
[ADDIN] Event received: 9
[ADDIN] Event received: 5
[ADDIN] Event received: 10
[ADDIN] Event received: 5
[ADDIN] Event received: 7
[ADDIN] Event received: 10
[ADDIN] Event received: 7
[ADDIN] Event received: 10
[ADDIN] Event received: 8
[ADDIN] Event received: 9
[ADDIN] Event received: 7
[ADDIN] Event received: 10
[ADDIN] Event received: 7
[ADDIN] Event received: 10
[ADDIN] Event received: 8
[ADDIN] Event received: 9
[ADDIN] Event received: 5
[ADDIN] Event received: 5
[ADDIN] Event received: 7
[ADDIN] Event received: 10
[ADDIN] Event received: 7
[ADDIN] Event received: 10
[ADDIN] Event received: 8
[ADDIN] Event received: 9
[ADDIN] Event received: 8
[ADDIN] Event received: 9
[ADDIN] Event received: 5
[ADDIN] Event received: 5
[ADDIN] Event received: 7
[ADDIN] Event received: 8
[ADDIN] Event received: 9
[ADDIN] Event received: 5
[ADDIN] Event received: 7
[ADDIN] Event received: 10
[ADDIN] Event received: 8
[ADDIN] Event received: 9
[ADDIN] Event received: 5
[ADDIN] Event received: 10
[ADDIN] Event received: 10
[ADDIN] AIE_DOC_SAVE
[ADDIN] Window title:
untitled * (UTF-8)
[ADDIN] Active document path:
untitled * (UTF-8)
[ENGINE] ScanFile invoked
[ADDIN] ScanFile completed
[ADDIN] Event received: 10
[ADDIN] Event received: 5
[ADDIN] Event received: 7
[ADDIN] Event received: 10
[ADDIN] Event received: 10
[ADDIN] Event received: 10
[ADDIN] Event received: 10
[ADDIN] Event received: 10
[ADDIN] Event received: 10
[ADDIN] Event received: 10
[ADDIN] Event received: 10
[ADDIN] Event received: 10
[ADDIN] Event received: 7
[ADDIN] Event received: 10
[ADDIN] Event received: 10
[ADDIN] Event received: 10
[ADDIN] Event received: 10
[ADDIN] Event received: 10
[ADDIN] Event received: 10
[ADDIN] Event received: 10
[ADDIN] Event received: 10
[ADDIN] Event received: 10
[ADDIN] Event received: 10
[ADDIN] Event received: 10
[ADDIN] Event received: 10
[ADDIN] Event received: 10
[ADDIN] Event received: 10
[ADDIN] Event received: 10
[ADDIN] Event received: 10
[ADDIN] Event received: 10
[ADDIN] Event received: 10
[ADDIN] Event received: 5
[ADDIN] Event received: 10
[ADDIN] Event received: 10
[ADDIN] Event received: 7
[ADDIN] Event received: 5
[ADDIN] Event received: 7
[ADDIN] Event received: 10
[ADDIN] Event received: 5
[ADDIN] Event received: 7
[ADDIN] Event received: 10
[ADDIN] Event received: 10
[ADDIN] Event received: 7
[ADDIN] Event received: 10
[ADDIN] Event received: 10
[ADDIN] Event received: 7
[ADDIN] Event received: 10
[ADDIN] Event received: 7
[ADDIN] Event received: 10
[ADDIN] Event received: 10
[ADDIN] Event received: 7
[ADDIN] Event received: 10
[ADDIN] Event received: 10
[ADDIN] Event received: 10
[ADDIN] Event received: 10
[ADDIN] Event received: 10
[ADDIN] Event received: 10
[ADDIN] Event received: 10
[ADDIN] Event received: 7
[ADDIN] Event received: 10
[ADDIN] Event received: 10
[ADDIN] Event received: 7
[ADDIN] Event received: 10
[ADDIN] Event received: 10
[ADDIN] Event received: 10
[ADDIN] Event received: 7
[ADDIN] Event received: 10
[ADDIN] Event received: 10
[ADDIN] Event received: 10
[ADDIN] Event received: 10
[ADDIN] Event received: 10
[ADDIN] Event received: 10
[ADDIN] Event received: 10
[ADDIN] Event received: 10
[ADDIN] Event received: 10
[ADDIN] Event received: 10
[ADDIN] AIE_DOC_SAVE
[ADDIN] Window title:
BEGIN.C (UTF-8)
[ADDIN] Active document path:
BEGIN.C (UTF-8)
[ENGINE] ScanFile invoked
[ADDIN] ScanFile completed
[ADDIN] AIE_DOC_SAVE
[ADDIN] Window title:
BEGIN_INI.C (UTF-8)
[ADDIN] Active document path:
BEGIN_INI.C (UTF-8)
[ENGINE] ScanFile invoked
[ADDIN] ScanFile completed
[ADDIN] AIE_DOC_SAVE
[ADDIN] Window title:
BEGIN.H (UTF-8)
[ADDIN] Active document path:
BEGIN.H (UTF-8)
[ENGINE] ScanFile invoked
[ADDIN] ScanFile completed
[ADDIN] AIE_DOC_SAVE
[ADDIN] Window title:
AVIS_PRJ_SCAN.INI (UTF-8)
[ADDIN] Active document path:
AVIS_PRJ_SCAN.INI (UTF-8)
[ENGINE] ScanFile invoked
[ADDIN] ScanFile completed
[ADDIN] AIE_DOC_SAVE
[ADDIN] Window title:
MASTER_COMBINE.C (UTF-8)
[ADDIN] Active document path:
MASTER_COMBINE.C (UTF-8)
[ENGINE] ScanFile invoked
[ADDIN] ScanFile completed
[ADDIN] AIE_DOC_SAVE
[ADDIN] Window title:
MSGBOX.C (UTF-8)
[ADDIN] Active document path:
MSGBOX.C (UTF-8)
[ENGINE] ScanFile invoked
[ADDIN] ScanFile completed
[ADDIN] AIE_DOC_SAVE
[ADDIN] Window title:
MSGBOX.H (UTF-8)
[ADDIN] Active document path:
MSGBOX.H (UTF-8)
[ENGINE] ScanFile invoked
[ADDIN] ScanFile completed
[ADDIN] AIE_DOC_SAVE
[ADDIN] Window title:
REG_MSGBOX.H (UTF-8)
[ADDIN] Active document path:
REG_MSGBOX.H (UTF-8)
[ENGINE] ScanFile invoked
[ADDIN] ScanFile completed
[ADDIN] AIE_DOC_SAVE
[ADDIN] Window title:
REG_MSGBOX_EXE.C (UTF-8)
[ADDIN] Active document path:
REG_MSGBOX_EXE.C (UTF-8)
[ENGINE] ScanFile invoked
[ADDIN] ScanFile completed
[ADDIN] AIE_DOC_SAVE
[ADDIN] Window title:
MASTER.H (UTF-8)
[ADDIN] Active document path:
MASTER.H (UTF-8)
[ENGINE] ScanFile invoked
[ADDIN] ScanFile completed
[ADDIN] AIE_DOC_SAVE
[ADDIN] Window title:
MASTER_CONVERT.h (UTF-8)
[ADDIN] Active document path:
MASTER_CONVERT.h (UTF-8)
[ENGINE] ScanFile invoked
[ADDIN] ScanFile completed
[ADDIN] AIE_DOC_SAVE
[ADDIN] Window title:
MASTER_COMBINE.H (UTF-8)
[ADDIN] Active document path:
MASTER_COMBINE.H (UTF-8)
[ENGINE] ScanFile invoked
[ADDIN] ScanFile completed
[ADDIN] AIE_DOC_SAVE
[ADDIN] Window title:
SEED_EXE.C (UTF-8)
[ADDIN] Active document path:
SEED_EXE.C (UTF-8)
[ENGINE] ScanFile invoked
[ADDIN] ScanFile completed
[ADDIN] AIE_DOC_SAVE
[ADDIN] Window title:
MASTER_CONVERT.c (UTF-8)
[ADDIN] Active document path:
MASTER_CONVERT.c (UTF-8)
[ENGINE] ScanFile invoked
[ADDIN] ScanFile completed
[ADDIN] AIE_DOC_SAVE
[ADDIN] Window title:
WIN_MAIN.C (UTF-8)
[ADDIN] Active document path:
WIN_MAIN.C (UTF-8)
[ENGINE] ScanFile invoked
[ADDIN] ScanFile completed
[ADDIN] AIE_DOC_SAVE
[ADDIN] Window title:
SEED.C (UTF-8)
[ADDIN] Active document path:
SEED.C (UTF-8)
[ENGINE] ScanFile invoked
[ADDIN] ScanFile completed
[ADDIN] AIE_DOC_SAVE
[ADDIN] Window title:
SEED_EXEC.C (UTF-8)
[ADDIN] Active document path:
SEED_EXEC.C (UTF-8)
[ENGINE] ScanFile invoked
[ADDIN] ScanFile completed
[ADDIN] AIE_DOC_SAVE
[ADDIN] Window title:
SEED.H (UTF-8)
[ADDIN] Active document path:
SEED.H (UTF-8)
[ENGINE] ScanFile invoked
[ADDIN] ScanFile completed
[ADDIN] AIE_DOC_SAVE
[ADDIN] Window title:
SEED_EXEC.H (UTF-8)
[ADDIN] Active document path:
SEED_EXEC.H (UTF-8)
[ENGINE] ScanFile invoked
[ADDIN] ScanFile completed
[ADDIN] AIE_DOC_SAVE
[ADDIN] Window title:
REG_SEED.H (UTF-8)
[ADDIN] Active document path:
REG_SEED.H (UTF-8)
[ENGINE] ScanFile invoked
[ADDIN] ScanFile completed
[ADDIN] AIE_DOC_SAVE
[ADDIN] Window title:
REG_SEED.C (UTF-8)
[ADDIN] Active document path:
REG_SEED.C (UTF-8)
[ENGINE] ScanFile invoked
[ADDIN] ScanFile completed
[ADDIN] AIE_DOC_SAVE
[ADDIN] Window title:
BEGIN_EXE.C (UTF-8)
[ADDIN] Active document path:
BEGIN_EXE.C (UTF-8)
[ENGINE] ScanFile invoked
[ADDIN] ScanFile completed
[ADDIN] AIE_DOC_SAVE
[ADDIN] Window title:
RETURN.c (UTF-8)
[ADDIN] Active document path:
RETURN.c (UTF-8)
[ENGINE] ScanFile invoked
[ADDIN] ScanFile completed
[ADDIN] AIE_DOC_SAVE
[ADDIN] Window title:
KB.c (UTF-8)
[ADDIN] Active document path:
KB.c (UTF-8)
[ENGINE] ScanFile invoked
[ADDIN] ScanFile completed
[ADDIN] AIE_DOC_SAVE
[ADDIN] Window title:
REG_MSGBOX.C (UTF-8)
[ADDIN] Active document path:
REG_MSGBOX.C (UTF-8)
[ENGINE] ScanFile invoked
[ADDIN] ScanFile completed
[ADDIN] AIE_DOC_SAVE
[ADDIN] Window title:
WIN_MAIN.H (UTF-8)
[ADDIN] Active document path:
WIN_MAIN.H (UTF-8)
[ENGINE] ScanFile invoked
[ADDIN] ScanFile completed
[ADDIN] AIE_DOC_SAVE
[ADDIN] Window title:
RETURN.H (UTF-8)
[ADDIN] Active document path:
RETURN.H (UTF-8)
[ENGINE] ScanFile invoked
[ADDIN] ScanFile completed
[ADDIN] AIE_DOC_SAVE
[ADDIN] Window title:
RETURN_EXE.C (UTF-8)
[ADDIN] Active document path:
RETURN_EXE.C (UTF-8)
[ENGINE] ScanFile invoked
[ADDIN] ScanFile completed
[ADDIN] Event received: 5
[ADDIN] Event received: 7
[ADDIN] Event received: 10
[ADDIN] Event received: 5
[ADDIN] Event received: 7
[ADDIN] Event received: 10
[ADDIN] Event received: 5
[ADDIN] Event received: 10
[ADDIN] Event received: 10
[ADDIN] Event received: 5
[ADDIN] Event received: 5
[ADDIN] Event received: 5
[ADDIN] Event received: 5
[ADDIN] Event received: 5
[ADDIN] Event received: 5
[ADDIN] Event received: 8
[ADDIN] Event received: 9
[ADDIN] Event received: 5
[ADDIN] Event received: 10
[ADDIN] Event received: 8
[ADDIN] Event received: 9
[ADDIN] Event received: 10
[ADDIN] Event received: 8
[ADDIN] Event received: 9
[ADDIN] Event received: 5
[ADDIN] Event received: 5
[ADDIN] Event received: 5
[ADDIN] Event received: 10
[ADDIN] Event received: 8
[ADDIN] Event received: 9
[ADDIN] Event received: 10
[ADDIN] Event received: 8
[ADDIN] Event received: 9
[ADDIN] Event received: 5
[ADDIN] Event received: 10
[ADDIN] Event received: 5
[ADDIN] Event received: 10
[ADDIN] Event received: 10
[ADDIN] Event received: 8
[ADDIN] Event received: 9
[ADDIN] Event received: 10
[ADDIN] Event received: 8
[ADDIN] Event received: 9
[ADDIN] Event received: 10
[ADDIN] Event received: 7
[ADDIN] Event received: 10
[ADDIN] Event received: 8
[ADDIN] Event received: 9
[ADDIN] Event received: 7
[ADDIN] Event received: 10
[ADDIN] Event received: 8
[ADDIN] Event received: 9
[ADDIN] Event received: 10
[ADDIN] Event received: 8
[ADDIN] Event received: 9
[ADDIN] Event received: 5
[ADDIN] Event received: 10
[ADDIN] Event received: 8
[ADDIN] Event received: 9
[ADDIN] Event received: 10
[ADDIN] Event received: 10
[ADDIN] Event received: 8
[ADDIN] Event received: 9
[ADDIN] Event received: 10
[ADDIN] Event received: 8
[ADDIN] Event received: 9
[ADDIN] Event received: 10
[ADDIN] Event received: 8
[ADDIN] Event received: 9
[ADDIN] Event received: 8
[ADDIN] Event received: 9
[ADDIN] Event received: 5
[ADDIN] Event received: 10
[ADDIN] Event received: 7
[ADDIN] Event received: 10
[ADDIN] Event received: 8
[ADDIN] Event received: 9
[ADDIN] Event received: 8
[ADDIN] Event received: 9
[ADDIN] Event received: 5
[ADDIN] Event received: 7
[ADDIN] Event received: 10
[ADDIN] Event received: 8
[ADDIN] Event received: 9
[ADDIN] Event received: 10
[ADDIN] Event received: 8
[ADDIN] Event received: 9
[ADDIN] Event received: 10
[ADDIN] Event received: 10
[ADDIN] Event received: 8
[ADDIN] Event received: 9
[ADDIN] Event received: 7
[ADDIN] Event received: 10
[ADDIN] Event received: 8
[ADDIN] Event received: 9
[ADDIN] Event received: 10
[ADDIN] Event received: 8
[ADDIN] Event received: 9
[ADDIN] Event received: 7
[ADDIN] Event received: 10
[ADDIN] Event received: 8
[ADDIN] Event received: 9
[ADDIN] Event received: 5
[ADDIN] Event received: 7
[ADDIN] Event received: 10
[ADDIN] Event received: 10
[ADDIN] Event received: 8
[ADDIN] Event received: 9
[ADDIN] Event received: 7
[ADDIN] Event received: 10
[ADDIN] Event received: 8
[ADDIN] Event received: 9
[ADDIN] Event received: 10
[ADDIN] Event received: 10
[ADDIN] Event received: 10
[ADDIN] Event received: 8
[ADDIN] Event received: 9
[ADDIN] Event received: 8
[ADDIN] Event received: 9
